<?xml version="1.0" encoding="UTF-8"?>
<!-- Generated by org.testng.reporters.JUnitReportReporter -->
<testsuite skipped="0" hostname="DESKTOP-8IGUF9C" name="anotacionestestng.AnotacionesBasicas" tests="2" failures="0" timestamp="2021-09-06T17:05:52 COT" time="0.011" errors="0">
  <testcase name="pruebaDos" time="0.002" classname="anotacionestestng.AnotacionesBasicas"/>
  <system-out/>
  <testcase name="pruebaUno" time="0.009" classname="anotacionestestng.AnotacionesBasicas"/>
  <system-out/>
</testsuite> <!-- anotacionestestng.AnotacionesBasicas -->
